<?xml version="1.0" encoding="UTF-8"?>
<testsuite xmlns:xsi="http://www.w3.org/2001/XMLSchema-instance" xsi:noNamespaceSchemaLocation="https://maven.apache.org/surefire/maven-surefire-plugin/xsd/surefire-test-report.xsd" name="by.gstu.itp.models.data.dao.mysql.hibernate.MysqlHibAuthorDAOTest" time="2.603" tests="2" errors="0" skipped="0" failures="0">
  <properties>
[...]
</properties>
  <testcase name="readPlaysFromAuthor" classname="by.gstu.itp.models.data.dao.mysql.hibernate.MysqlHibAuthorDAOTest" time="2.568"/>
  <testcase name="readAll" classname="by.gstu.itp.models.data.dao.mysql.hibernate.MysqlHibAuthorDAOTest" time="0.033"/>
</testsuite>